# JRE version: OpenJDK Runtime Environment (11.0.11+9) (build 11.0.11+9-b60-7590822)
# Java VM: OpenJDK 64-Bit Server VM (11.0.11+9-b60-7590822, mixed mode, tiered, compressed oops, g1 gc, windows-amd64)
Heap:
 garbage-first heap   total 189440K, used 130128K [0x0000000080000000, 0x0000000100000000)
  region size 1024K, 64 young (65536K), 5 survivors (5120K)
 Metaspace       used 85911K, capacity 88133K, committed 88404K, reserved 1126400K
  class space    used 11111K, capacity 11956K, committed 12032K, reserved 1048576K
GC Heap History (20 events):
Event: 12.583 GC heap before
{Heap before GC invocations=7 (full 0):
 garbage-first heap   total 131072K, used 87101K [0x0000000080000000, 0x0000000100000000)
  region size 1024K, 68 young (69632K), 7 survivors (7168K)
 Metaspace       used 39546K, capacity 40496K, committed 40784K, reserved 1085440K
  class space    used 5070K, capacity 5428K, committed 5504K, reserved 1048576K
}
Event: 12.613 GC heap after
{Heap after GC invocations=8 (full 0):
 garbage-first heap   total 131072K, used 27783K [0x0000000080000000, 0x0000000100000000)
  region size 1024K, 9 young (9216K), 9 survivors (9216K)
 Metaspace       used 39546K, capacity 40496K, committed 40784K, reserved 1085440K
  class space    used 5070K, capacity 5428K, committed 5504K, reserved 1048576K
}
Event: 15.093 GC heap before
{Heap before GC invocations=8 (full 0):
 garbage-first heap   total 131072K, used 90247K [0x0000000080000000, 0x0000000100000000)
  region size 1024K, 70 young (71680K), 9 survivors (9216K)
 Metaspace       used 45347K, capacity 46416K, committed 46672K, reserved 1089536K
  class space    used 5831K, capacity 6241K, committed 6272K, reserved 1048576K
}
Event: 15.120 GC heap after
{Heap after GC invocations=9 (full 0):
 garbage-first heap   total 131072K, used 29581K [0x0000000080000000, 0x0000000100000000)
  region size 1024K, 3 young (3072K), 3 survivors (3072K)
 Metaspace       used 45347K, capacity 46416K, committed 46672K, reserved 1089536K
  class space    used 5831K, capacity 6241K, committed 6272K, reserved 1048576K
}
Event: 18.159 GC heap before
{Heap before GC invocations=9 (full 0):
 garbage-first heap   total 131072K, used 97165K [0x0000000080000000, 0x0000000100000000)
  region size 1024K, 65 young (66560K), 3 survivors (3072K)
 Metaspace       used 47971K, capacity 49210K, committed 49360K, reserved 1091584K
  class space    used 6134K, capacity 6592K, committed 6656K, reserved 1048576K
}
Event: 18.178 GC heap after
{Heap after GC invocations=10 (full 0):
 garbage-first heap   total 157696K, used 42295K [0x0000000080000000, 0x0000000100000000)
  region size 1024K, 9 young (9216K), 9 survivors (9216K)
 Metaspace       used 47971K, capacity 49210K, committed 49360K, reserved 1091584K
  class space    used 6134K, capacity 6592K, committed 6656K, reserved 1048576K
}
Event: 20.825 GC heap before
{Heap before GC invocations=10 (full 0):
 garbage-first heap   total 157696K, used 111927K [0x0000000080000000, 0x0000000100000000)
  region size 1024K, 77 young (78848K), 9 survivors (9216K)
 Metaspace       used 57508K, capacity 58839K, committed 58960K, reserved 1099776K
  class space    used 7247K, capacity 7763K, committed 7808K, reserved 1048576K
}
Event: 20.855 GC heap after
{Heap after GC invocations=11 (full 0):
 garbage-first heap   total 157696K, used 45921K [0x0000000080000000, 0x0000000100000000)
  region size 1024K, 4 young (4096K), 4 survivors (4096K)
 Metaspace       used 57508K, capacity 58839K, committed 58960K, reserved 1099776K
  class space    used 7247K, capacity 7763K, committed 7808K, reserved 1048576K
}
Event: 21.331 GC heap before
{Heap before GC invocations=11 (full 0):
 garbage-first heap   total 157696K, used 56161K [0x0000000080000000, 0x0000000100000000)
  region size 1024K, 15 young (15360K), 4 survivors (4096K)
 Metaspace       used 58680K, capacity 60071K, committed 60240K, reserved 1101824K
  class space    used 7430K, capacity 7956K, committed 8064K, reserved 1048576K
}
Event: 21.344 GC heap after
{Heap after GC invocations=12 (full 0):
 garbage-first heap   total 157696K, used 46295K [0x0000000080000000, 0x0000000100000000)
  region size 1024K, 4 young (4096K), 4 survivors (4096K)
 Metaspace       used 58680K, capacity 60071K, committed 60240K, reserved 1101824K
  class space    used 7430K, capacity 7956K, committed 8064K, reserved 1048576K
}
Event: 24.453 GC heap before
{Heap before GC invocations=13 (full 0):
 garbage-first heap   total 157696K, used 116951K [0x0000000080000000, 0x0000000100000000)
  region size 1024K, 73 young (74752K), 4 survivors (4096K)
 Metaspace       used 65579K, capacity 66989K, committed 67156K, reserved 1107968K
  class space    used 8304K, capacity 8842K, committed 8960K, reserved 1048576K
}
Event: 24.507 GC heap after
{Heap after GC invocations=14 (full 0):
 garbage-first heap   total 157696K, used 51800K [0x0000000080000000, 0x0000000100000000)
  region size 1024K, 9 young (9216K), 9 survivors (9216K)
 Metaspace       used 65579K, capacity 66989K, committed 67156K, reserved 1107968K
  class space    used 8304K, capacity 8842K, committed 8960K, reserved 1048576K
}
Event: 27.391 GC heap before
{Heap before GC invocations=15 (full 0):
 garbage-first heap   total 157696K, used 120408K [0x0000000080000000, 0x0000000100000000)
  region size 1024K, 76 young (77824K), 9 survivors (9216K)
 Metaspace       used 70731K, capacity 72187K, committed 72276K, reserved 1112064K
  class space    used 9124K, capacity 9695K, committed 9728K, reserved 1048576K
}
Event: 27.431 GC heap after
{Heap after GC invocations=16 (full 0):
 garbage-first heap   total 157696K, used 56703K [0x0000000080000000, 0x0000000100000000)
  region size 1024K, 6 young (6144K), 6 survivors (6144K)
 Metaspace       used 70731K, capacity 72187K, committed 72276K, reserved 1112064K
  class space    used 9124K, capacity 9695K, committed 9728K, reserved 1048576K
}
Event: 30.468 GC heap before
{Heap before GC invocations=16 (full 0):
 garbage-first heap   total 157696K, used 122239K [0x0000000080000000, 0x0000000100000000)
  region size 1024K, 70 young (71680K), 6 survivors (6144K)
 Metaspace       used 76427K, capacity 78117K, committed 78420K, reserved 1118208K
  class space    used 9965K, capacity 10644K, committed 10752K, reserved 1048576K
}
Event: 30.494 GC heap after
{Heap after GC invocations=17 (full 0):
 garbage-first heap   total 157696K, used 60999K [0x0000000080000000, 0x0000000100000000)
  region size 1024K, 5 young (5120K), 5 survivors (5120K)
 Metaspace       used 76427K, capacity 78117K, committed 78420K, reserved 1118208K
  class space    used 9965K, capacity 10644K, committed 10752K, reserved 1048576K
}
Event: 34.059 GC heap before
{Heap before GC invocations=17 (full 0):
 garbage-first heap   total 157696K, used 123463K [0x0000000080000000, 0x0000000100000000)
  region size 1024K, 67 young (68608K), 5 survivors (5120K)
 Metaspace       used 82897K, capacity 84955K, committed 85204K, reserved 1122304K
  class space    used 10770K, capacity 11528K, committed 11648K, reserved 1048576K
}
Event: 34.091 GC heap after
{Heap after GC invocations=18 (full 0):
 garbage-first heap   total 157696K, used 66687K [0x0000000080000000, 0x0000000100000000)
  region size 1024K, 9 young (9216K), 9 survivors (9216K)
 Metaspace       used 82897K, capacity 84955K, committed 85204K, reserved 1122304K
  class space    used 10770K, capacity 11528K, committed 11648K, reserved 1048576K
}
Event: 38.390 GC heap before
{Heap before GC invocations=18 (full 0):
 garbage-first heap   total 157696K, used 125055K [0x0000000080000000, 0x0000000100000000)
  region size 1024K, 67 young (68608K), 9 survivors (9216K)
 Metaspace       used 83793K, capacity 85803K, committed 85972K, reserved 1124352K
  class space    used 10836K, capacity 11613K, committed 11648K, reserved 1048576K
}
Event: 38.458 GC heap after
{Heap after GC invocations=19 (full 0):
 garbage-first heap   total 189440K, used 71760K [0x0000000080000000, 0x0000000100000000)
  region size 1024K, 5 young (5120K), 5 survivors (5120K)
 Metaspace       used 83793K, capacity 85803K, committed 85972K, reserved 1124352K
  class space    used 10836K, capacity 11613K, committed 11648K, reserved 1048576K
}

